Removed Pin From Net: NetName=ENCB Pin=J1-3
Removed Pin From Net: NetName=ENCA Pin=J1-4
Removed Pin From Net: NetName=DB7 Pin=J1-5
Removed Pin From Net: NetName=DA7 Pin=J1-6
Removed Pin From Net: NetName=DB6 Pin=J1-7
Removed Pin From Net: NetName=DA6 Pin=J1-8
Removed Pin From Net: NetName=DB5 Pin=J1-9
Removed Pin From Net: NetName=DA5 Pin=J1-10
Removed Pin From Net: NetName=DB4 Pin=J1-11
Removed Pin From Net: NetName=DA4 Pin=J1-12
Removed Pin From Net: NetName=DB3 Pin=J1-13
Removed Pin From Net: NetName=DA3 Pin=J1-14
Removed Pin From Net: NetName=DB2 Pin=J1-15
Removed Pin From Net: NetName=DA2 Pin=J1-16
Removed Pin From Net: NetName=DB1 Pin=J1-17
Removed Pin From Net: NetName=DA1 Pin=J1-18
Removed Pin From Net: NetName=DB0 Pin=J1-19
Removed Pin From Net: NetName=DA0 Pin=J1-20
Added Pin To Net: NetName=ENCA Pin=J1-3
Added Pin To Net: NetName=ENCB Pin=J1-4
Added Pin To Net: NetName=DA7 Pin=J1-5
Added Pin To Net: NetName=DB7 Pin=J1-6
Added Pin To Net: NetName=DA6 Pin=J1-7
Added Pin To Net: NetName=DB6 Pin=J1-8
Added Pin To Net: NetName=DA5 Pin=J1-9
Added Pin To Net: NetName=DB5 Pin=J1-10
Added Pin To Net: NetName=DA4 Pin=J1-11
Added Pin To Net: NetName=DB4 Pin=J1-12
Added Pin To Net: NetName=DA3 Pin=J1-13
Added Pin To Net: NetName=DB3 Pin=J1-14
Added Pin To Net: NetName=DA2 Pin=J1-15
Added Pin To Net: NetName=DB2 Pin=J1-16
Added Pin To Net: NetName=DA1 Pin=J1-17
Added Pin To Net: NetName=DB1 Pin=J1-18
Added Pin To Net: NetName=DA0 Pin=J1-19
Added Pin To Net: NetName=DB0 Pin=J1-20
Added Room: Name=MXT2088
