Added Component: Designator=J1(Pin HDR2X10/2.54mm-S)
Added Component: Designator=J2(Pin HDR1X3/2.54mm-S)
Added Component: Designator=J3(Pin HDR1X3/2.54mm-S)
Added Component: Designator=J4(Pin HDR1X3/2.54mm-S)
Added Component: Designator=J5(Pin HDR2X2/2.54mm-S)
Added Component: Designator=JP1(SMA-KE)
Add component (AddParameter): Name = "BOM名称"; Value = "SMA-2.4G射频天线接口"; VariantName = "[No Variations]"
Add component (AddParameter): Name = "学习资源"; Value = "www.ooocke.com"; VariantName = "[No Variations]"
Add component (AddParameter): Name = "版权归属"; Value = "源创客"; VariantName = "[No Variations]"
Added Component: Designator=JP2(SMA-KE)
Add component (AddParameter): Name = "BOM名称"; Value = "SMA-2.4G射频天线接口"; VariantName = "[No Variations]"
Add component (AddParameter): Name = "学习资源"; Value = "www.ooocke.com"; VariantName = "[No Variations]"
Add component (AddParameter): Name = "版权归属"; Value = "源创客"; VariantName = "[No Variations]"
Added Component: Designator=U1(LQFP-48_L7.0-W7.0-P0.50-LS9.0-BL)
Add component (AddParameter): Name = "Add into BOM"; Value = "yes"; VariantName = "[No Variations]"
Add component (AddParameter): Name = "Convert to PCB"; Value = "yes"; VariantName = "[No Variations]"
Add component (AddParameter): Name = "Datasheet"; Value = "https://atta.szlcsc.com/upload/public/pdf/source/20140508/1457707057464.pdf"; VariantName = "[No Variations]"
Add component (AddParameter): Name = "Device"; Value = "AD9288BSTZ-40"; VariantName = "[No Variations]"
Add component (AddParameter): Name = "differential input"; Value = "是"; VariantName = "[No Variations]"
Add component (AddParameter): Name = "Interface"; Value = "并行"; VariantName = "[No Variations]"
Add component (AddParameter): Name = "JLCPCB Part Class"; Value = "Extended Part"; VariantName = "[No Variations]"
Add component (AddParameter): Name = "LCSC Part Name"; Value = "AD9288BSTZ-40"; VariantName = "[No Variations]"
Add component (AddParameter): Name = "Manufacturer"; Value = "ADI(亚德诺)"; VariantName = "[No Variations]"
Add component (AddParameter): Name = "Manufacturer Part"; Value = "AD9288BSTZ-40"; VariantName = "[No Variations]"
Add component (AddParameter): Name = "Name"; Value = "AD9288BSTZ-40"; VariantName = "[No Variations]"
Add component (AddParameter): Name = "number of channels"; Value = "2"; VariantName = "[No Variations]"
Add component (AddParameter): Name = "Operating Temperature"; Value = "-40℃~+85℃"; VariantName = "[No Variations]"
Add component (AddParameter): Name = "resolution"; Value = "8位"; VariantName = "[No Variations]"
Add component (AddParameter): Name = "sampling frequency"; Value = "40MHz"; VariantName = "[No Variations]"
Add component (AddParameter): Name = "Supplier"; Value = "LCSC"; VariantName = "[No Variations]"
Add component (AddParameter): Name = "Supplier Footprint"; Value = "LQFP-48(7x7)"; VariantName = "[No Variations]"
Add component (AddParameter): Name = "Supplier Part"; Value = "C653455"; VariantName = "[No Variations]"
Add component (AddParameter): Name = "Supply Voltage"; Value = "2.7V~3.6V"; VariantName = "[No Variations]"
Add component (AddParameter): Name = "Symbol"; Value = "AD9288BSTZ-40"; VariantName = "[No Variations]"
Added Pin To Net: NetName=3V3 Pin=J1-1
Added Pin To Net: NetName=3V3 Pin=J5-2
Added Pin To Net: NetName=3V3 Pin=J5-4
Added Net: Name=3V3
Added Pin To Net: NetName=AINN Pin=JP1-2
Added Pin To Net: NetName=AINN Pin=JP1-2
Added Pin To Net: NetName=AINN Pin=JP1-3
Added Pin To Net: NetName=AINN Pin=JP1-3
Added Pin To Net: NetName=AINN Pin=U1-3
Added Net: Name=AINN
Added Pin To Net: NetName=AINP Pin=JP1-1
Added Pin To Net: NetName=AINP Pin=U1-2
Added Net: Name=AINP
Added Pin To Net: NetName=BINN Pin=JP2-2
Added Pin To Net: NetName=BINN Pin=JP2-2
Added Pin To Net: NetName=BINN Pin=JP2-3
Added Pin To Net: NetName=BINN Pin=JP2-3
Added Pin To Net: NetName=BINN Pin=U1-10
Added Net: Name=BINN
Added Pin To Net: NetName=BINP Pin=JP2-1
Added Pin To Net: NetName=BINP Pin=U1-11
Added Net: Name=BINP
Added Pin To Net: NetName=DA0 Pin=J1-20
Added Pin To Net: NetName=DA0 Pin=U1-37
Added Net: Name=DA0
Added Pin To Net: NetName=DA1 Pin=J1-18
Added Pin To Net: NetName=DA1 Pin=U1-38
Added Net: Name=DA1
Added Pin To Net: NetName=DA2 Pin=J1-16
Added Pin To Net: NetName=DA2 Pin=U1-39
Added Net: Name=DA2
Added Pin To Net: NetName=DA3 Pin=J1-14
Added Pin To Net: NetName=DA3 Pin=U1-40
Added Net: Name=DA3
Added Pin To Net: NetName=DA4 Pin=J1-12
Added Pin To Net: NetName=DA4 Pin=U1-41
Added Net: Name=DA4
Added Pin To Net: NetName=DA5 Pin=J1-10
Added Pin To Net: NetName=DA5 Pin=U1-42
Added Net: Name=DA5
Added Pin To Net: NetName=DA6 Pin=J1-8
Added Pin To Net: NetName=DA6 Pin=U1-43
Added Net: Name=DA6
Added Pin To Net: NetName=DA7 Pin=J1-6
Added Pin To Net: NetName=DA7 Pin=U1-44
Added Net: Name=DA7
Added Pin To Net: NetName=DB0 Pin=J1-19
Added Pin To Net: NetName=DB0 Pin=U1-24
Added Net: Name=DB0
Added Pin To Net: NetName=DB1 Pin=J1-17
Added Pin To Net: NetName=DB1 Pin=U1-23
Added Net: Name=DB1
Added Pin To Net: NetName=DB2 Pin=J1-15
Added Pin To Net: NetName=DB2 Pin=U1-22
Added Net: Name=DB2
Added Pin To Net: NetName=DB3 Pin=J1-13
Added Pin To Net: NetName=DB3 Pin=U1-21
Added Net: Name=DB3
Added Pin To Net: NetName=DB4 Pin=J1-11
Added Pin To Net: NetName=DB4 Pin=U1-20
Added Net: Name=DB4
Added Pin To Net: NetName=DB5 Pin=J1-9
Added Pin To Net: NetName=DB5 Pin=U1-19
Added Net: Name=DB5
Added Pin To Net: NetName=DB6 Pin=J1-7
Added Pin To Net: NetName=DB6 Pin=U1-18
Added Net: Name=DB6
Added Pin To Net: NetName=DB7 Pin=J1-5
Added Pin To Net: NetName=DB7 Pin=U1-17
Added Net: Name=DB7
Added Pin To Net: NetName=DFS Pin=J2-2
Added Pin To Net: NetName=DFS Pin=U1-4
Added Net: Name=DFS
Added Pin To Net: NetName=ENCA Pin=J1-4
Added Pin To Net: NetName=ENCA Pin=U1-47
Added Net: Name=ENCA
Added Pin To Net: NetName=ENCB Pin=J1-3
Added Pin To Net: NetName=ENCB Pin=U1-14
Added Net: Name=ENCB
Added Pin To Net: NetName=GND Pin=J1-2
Added Pin To Net: NetName=GND Pin=J2-1
Added Pin To Net: NetName=GND Pin=J3-1
Added Pin To Net: NetName=GND Pin=J4-1
Added Pin To Net: NetName=GND Pin=U1-1
Added Pin To Net: NetName=GND Pin=U1-12
Added Pin To Net: NetName=GND Pin=U1-16
Added Pin To Net: NetName=GND Pin=U1-27
Added Pin To Net: NetName=GND Pin=U1-29
Added Pin To Net: NetName=GND Pin=U1-32
Added Pin To Net: NetName=GND Pin=U1-34
Added Pin To Net: NetName=GND Pin=U1-45
Added Net: Name=GND
Added Pin To Net: NetName=NetU1_5 Pin=U1-5
Added Pin To Net: NetName=NetU1_5 Pin=U1-6
Added Pin To Net: NetName=NetU1_5 Pin=U1-7
Added Net: Name=NetU1_5
Added Pin To Net: NetName=S1 Pin=J3-2
Added Pin To Net: NetName=S1 Pin=U1-8
Added Net: Name=S1
Added Pin To Net: NetName=S2 Pin=J4-2
Added Pin To Net: NetName=S2 Pin=U1-9
Added Net: Name=S2
Added Pin To Net: NetName=VDD Pin=J5-3
Added Pin To Net: NetName=VDD Pin=U1-15
Added Pin To Net: NetName=VDD Pin=U1-28
Added Pin To Net: NetName=VDD Pin=U1-33
Added Pin To Net: NetName=VDD Pin=U1-46
Added Net: Name=VDD
Added Pin To Net: NetName=VD Pin=J2-3
Added Pin To Net: NetName=VD Pin=J3-3
Added Pin To Net: NetName=VD Pin=J4-3
Added Pin To Net: NetName=VD Pin=J5-1
Added Pin To Net: NetName=VD Pin=U1-13
Added Pin To Net: NetName=VD Pin=U1-30
Added Pin To Net: NetName=VD Pin=U1-31
Added Pin To Net: NetName=VD Pin=U1-48
Added Net: Name=VD
Added Member To Class: ClassName=MXT2088 Member=Component J1 Pin HDR2X10
Added Member To Class: ClassName=MXT2088 Member=Component J2 Pin HDR1X3
Added Member To Class: ClassName=MXT2088 Member=Component J3 Pin HDR1X3
Added Member To Class: ClassName=MXT2088 Member=Component J4 Pin HDR1X3
Added Member To Class: ClassName=MXT2088 Member=Component J5 Pin HDR2X2
Added Member To Class: ClassName=MXT2088 Member=Component JP1 SMA
Added Member To Class: ClassName=MXT2088 Member=Component JP2 SMA
Added Member To Class: ClassName=MXT2088 Member=Component U1 AD9288BSTZ-40
Added Room: Name=MXT2088
