Added Component: Designator=C1(0603C)
Added Component: Designator=C2(0603C)
Added Component: Designator=C3(0603C)
Added Component: Designator=C4(0603C)
Added Component: Designator=C5(0603C)
Added Component: Designator=C6(0603C)
Added Component: Designator=C7(0603C)
Added Component: Designator=C8(0603C)
Added Component: Designator=C9(0603C)
Added Component: Designator=C10(0603C)
Added Component: Designator=C11(0603C)
Added Component: Designator=D1(LED-0603B)
Added Component: Designator=D2(LED-0603B)
Added Component: Designator=D3(LED-0603B)
Added Component: Designator=D4(LED-0603B)
Added Component: Designator=D5(LED-0603B)
Added Component: Designator=D6(LED-0603B)
Added Component: Designator=D7(LED-0603B)
Added Component: Designator=J1(IDC2.54-10P)
Added Component: Designator=K1(SMD-6X6X6)
Added Component: Designator=K2(SMD-6X6X6)
Added Component: Designator=K3(SMD-6X6X6)
Added Component: Designator=K4(SMD-6X6X6)
Added Component: Designator=K5(SMD-6X6X6)
Added Component: Designator=K6(SMD-6X6X6)
Added Component: Designator=Q1(SOT-23)
Added Component: Designator=Q2(SOT-23)
Added Component: Designator=Q3(SOT-23)
Added Component: Designator=Q4(SOT-23)
Added Component: Designator=R1(0603R)
Added Component: Designator=R2(0603R)
Added Component: Designator=R3(0603R)
Added Component: Designator=R4(0603R)
Added Component: Designator=R5(0603R)
Added Component: Designator=R6(0603R)
Added Component: Designator=R7(0603R)
Added Component: Designator=R8(0603R)
Added Component: Designator=R9(0603R)
Added Component: Designator=R10(0603R)
Added Component: Designator=S1(KFT DIP-7X7)
Added Component: Designator=SEG1(0.36IN-2P)
Added Component: Designator=SEG2(0.36IN-2P)
Added Component: Designator=TC1(TAJ-A/3216)
Added Component: Designator=TC2(TAJ-A/3216)
Added Component: Designator=TC3(TAJ-A/3216)
Added Component: Designator=TC4(TAJ-A/3216)
Added Component: Designator=U1(SOT223)
Added Component: Designator=U2(SOT223)
Added Component: Designator=U3(QFN48 7X7_M)
Added Component: Designator=USB1(USB-micro_B)
Added Component: Designator=X1(OSC 3225-4P)
Added Pin To Net: NetName=+5 Pin=C1-2
Added Pin To Net: NetName=+5 Pin=C3-2
Added Pin To Net: NetName=+5 Pin=S1-1
Added Pin To Net: NetName=+5 Pin=TC1-1
Added Pin To Net: NetName=+5 Pin=TC3-1
Added Pin To Net: NetName=+5 Pin=U1-3
Added Pin To Net: NetName=+5 Pin=U2-3
Added Net: Name=+5
Added Pin To Net: NetName=1V2 Pin=C4-2
Added Pin To Net: NetName=1V2 Pin=C9-2
Added Pin To Net: NetName=1V2 Pin=C10-2
Added Pin To Net: NetName=1V2 Pin=TC4-1
Added Pin To Net: NetName=1V2 Pin=U2-2
Added Pin To Net: NetName=1V2 Pin=U2-2
Added Pin To Net: NetName=1V2 Pin=U3-7
Added Pin To Net: NetName=1V2 Pin=U3-10
Added Net: Name=1V2
Added Pin To Net: NetName=3V3 Pin=C2-2
Added Pin To Net: NetName=3V3 Pin=C5-2
Added Pin To Net: NetName=3V3 Pin=C6-2
Added Pin To Net: NetName=3V3 Pin=C7-2
Added Pin To Net: NetName=3V3 Pin=C8-2
Added Pin To Net: NetName=3V3 Pin=C11-2
Added Pin To Net: NetName=3V3 Pin=J1-4
Added Pin To Net: NetName=3V3 Pin=Q1-E
Added Pin To Net: NetName=3V3 Pin=Q2-E
Added Pin To Net: NetName=3V3 Pin=Q3-E
Added Pin To Net: NetName=3V3 Pin=Q4-E
Added Pin To Net: NetName=3V3 Pin=R1-2
Added Pin To Net: NetName=3V3 Pin=R2-2
Added Pin To Net: NetName=3V3 Pin=R3-2
Added Pin To Net: NetName=3V3 Pin=R4-2
Added Pin To Net: NetName=3V3 Pin=R5-2
Added Pin To Net: NetName=3V3 Pin=R6-2
Added Pin To Net: NetName=3V3 Pin=R7-2
Added Pin To Net: NetName=3V3 Pin=R9-1
Added Pin To Net: NetName=3V3 Pin=R10-1
Added Pin To Net: NetName=3V3 Pin=TC2-1
Added Pin To Net: NetName=3V3 Pin=U1-2
Added Pin To Net: NetName=3V3 Pin=U1-2
Added Pin To Net: NetName=3V3 Pin=U3-21
Added Pin To Net: NetName=3V3 Pin=U3-26
Added Pin To Net: NetName=3V3 Pin=U3-27
Added Pin To Net: NetName=3V3 Pin=U3-32
Added Pin To Net: NetName=3V3 Pin=U3-34
Added Pin To Net: NetName=3V3 Pin=U3-47
Added Pin To Net: NetName=3V3 Pin=X1-4
Added Net: Name=3V3
Added Pin To Net: NetName=GND Pin=C1-1
Added Pin To Net: NetName=GND Pin=C2-1
Added Pin To Net: NetName=GND Pin=C3-1
Added Pin To Net: NetName=GND Pin=C4-1
Added Pin To Net: NetName=GND Pin=C5-1
Added Pin To Net: NetName=GND Pin=C6-1
Added Pin To Net: NetName=GND Pin=C7-1
Added Pin To Net: NetName=GND Pin=C8-1
Added Pin To Net: NetName=GND Pin=C9-1
Added Pin To Net: NetName=GND Pin=C10-1
Added Pin To Net: NetName=GND Pin=C11-1
Added Pin To Net: NetName=GND Pin=D7-K
Added Pin To Net: NetName=GND Pin=J1-2
Added Pin To Net: NetName=GND Pin=J1-10
Added Pin To Net: NetName=GND Pin=K1-3
Added Pin To Net: NetName=GND Pin=K2-3
Added Pin To Net: NetName=GND Pin=K3-3
Added Pin To Net: NetName=GND Pin=K4-3
Added Pin To Net: NetName=GND Pin=K5-3
Added Pin To Net: NetName=GND Pin=K6-3
Added Pin To Net: NetName=GND Pin=R8-2
Added Pin To Net: NetName=GND Pin=S1-6
Added Pin To Net: NetName=GND Pin=TC1-2
Added Pin To Net: NetName=GND Pin=TC2-2
Added Pin To Net: NetName=GND Pin=TC3-2
Added Pin To Net: NetName=GND Pin=TC4-2
Added Pin To Net: NetName=GND Pin=U1-1
Added Pin To Net: NetName=GND Pin=U2-1
Added Pin To Net: NetName=GND Pin=U3-8
Added Pin To Net: NetName=GND Pin=U3-28
Added Pin To Net: NetName=GND Pin=U3-29
Added Pin To Net: NetName=GND Pin=U3-30
Added Pin To Net: NetName=GND Pin=U3-31
Added Pin To Net: NetName=GND Pin=U3-33
Added Pin To Net: NetName=GND Pin=X1-2
Added Net: Name=GND
Added Pin To Net: NetName=NetD1_A Pin=D1-A
Added Pin To Net: NetName=NetD1_A Pin=R1-1
Added Net: Name=NetD1_A
Added Pin To Net: NetName=NetD1_K Pin=D1-K
Added Pin To Net: NetName=NetD1_K Pin=U3-18
Added Net: Name=NetD1_K
Added Pin To Net: NetName=NetD2_A Pin=D2-A
Added Pin To Net: NetName=NetD2_A Pin=R2-1
Added Net: Name=NetD2_A
Added Pin To Net: NetName=NetD2_K Pin=D2-K
Added Pin To Net: NetName=NetD2_K Pin=U3-19
Added Net: Name=NetD2_K
Added Pin To Net: NetName=NetD3_A Pin=D3-A
Added Pin To Net: NetName=NetD3_A Pin=R3-1
Added Net: Name=NetD3_A
Added Pin To Net: NetName=NetD3_K Pin=D3-K
Added Pin To Net: NetName=NetD3_K Pin=U3-20
Added Net: Name=NetD3_K
Added Pin To Net: NetName=NetD4_A Pin=D4-A
Added Pin To Net: NetName=NetD4_A Pin=R4-1
Added Net: Name=NetD4_A
Added Pin To Net: NetName=NetD4_K Pin=D4-K
Added Pin To Net: NetName=NetD4_K Pin=U3-22
Added Net: Name=NetD4_K
Added Pin To Net: NetName=NetD5_A Pin=D5-A
Added Pin To Net: NetName=NetD5_A Pin=R5-1
Added Net: Name=NetD5_A
Added Pin To Net: NetName=NetD5_K Pin=D5-K
Added Pin To Net: NetName=NetD5_K Pin=U3-23
Added Net: Name=NetD5_K
Added Pin To Net: NetName=NetD6_A Pin=D6-A
Added Pin To Net: NetName=NetD6_A Pin=R6-1
Added Net: Name=NetD6_A
Added Pin To Net: NetName=NetD6_K Pin=D6-K
Added Pin To Net: NetName=NetD6_K Pin=U3-25
Added Net: Name=NetD6_K
Added Pin To Net: NetName=NetD7_A Pin=D7-A
Added Pin To Net: NetName=NetD7_A Pin=R7-1
Added Pin To Net: NetName=NetD7_A Pin=U3-24
Added Net: Name=NetD7_A
Added Pin To Net: NetName=NetJ1_1 Pin=J1-1
Added Pin To Net: NetName=NetJ1_1 Pin=R8-1
Added Pin To Net: NetName=NetJ1_1 Pin=U3-39
Added Net: Name=NetJ1_1
Added Pin To Net: NetName=NetJ1_3 Pin=J1-3
Added Pin To Net: NetName=NetJ1_3 Pin=U3-37
Added Net: Name=NetJ1_3
Added Pin To Net: NetName=NetJ1_5 Pin=J1-5
Added Pin To Net: NetName=NetJ1_5 Pin=R10-2
Added Pin To Net: NetName=NetJ1_5 Pin=U3-38
Added Net: Name=NetJ1_5
Added Pin To Net: NetName=NetJ1_7 Pin=J1-7
Added Pin To Net: NetName=NetJ1_7 Pin=U3-36
Added Net: Name=NetJ1_7
Added Pin To Net: NetName=NetJ1_8 Pin=J1-8
Added Pin To Net: NetName=NetJ1_8 Pin=U3-35
Added Net: Name=NetJ1_8
Added Pin To Net: NetName=NetJ1_9 Pin=J1-9
Added Pin To Net: NetName=NetJ1_9 Pin=R9-2
Added Pin To Net: NetName=NetJ1_9 Pin=U3-40
Added Net: Name=NetJ1_9
Added Pin To Net: NetName=NetK1_1 Pin=K1-1
Added Pin To Net: NetName=NetK1_1 Pin=U3-41
Added Net: Name=NetK1_1
Added Pin To Net: NetName=NetK2_1 Pin=K2-1
Added Pin To Net: NetName=NetK2_1 Pin=U3-43
Added Net: Name=NetK2_1
Added Pin To Net: NetName=NetK3_1 Pin=K3-1
Added Pin To Net: NetName=NetK3_1 Pin=U3-45
Added Net: Name=NetK3_1
Added Pin To Net: NetName=NetK4_1 Pin=K4-1
Added Pin To Net: NetName=NetK4_1 Pin=U3-42
Added Net: Name=NetK4_1
Added Pin To Net: NetName=NetK5_1 Pin=K5-1
Added Pin To Net: NetName=NetK5_1 Pin=U3-44
Added Net: Name=NetK5_1
Added Pin To Net: NetName=NetK6_1 Pin=K6-1
Added Pin To Net: NetName=NetK6_1 Pin=U3-46
Added Net: Name=NetK6_1
Added Pin To Net: NetName=NetQ1_B Pin=Q1-B
Added Pin To Net: NetName=NetQ1_B Pin=U3-17
Added Net: Name=NetQ1_B
Added Pin To Net: NetName=NetQ1_C Pin=Q1-C
Added Pin To Net: NetName=NetQ1_C Pin=SEG1-10
Added Net: Name=NetQ1_C
Added Pin To Net: NetName=NetQ2_B Pin=Q2-B
Added Pin To Net: NetName=NetQ2_B Pin=U3-14
Added Net: Name=NetQ2_B
Added Pin To Net: NetName=NetQ2_C Pin=Q2-C
Added Pin To Net: NetName=NetQ2_C Pin=SEG2-5
Added Net: Name=NetQ2_C
Added Pin To Net: NetName=NetQ3_B Pin=Q3-B
Added Pin To Net: NetName=NetQ3_B Pin=U3-15
Added Net: Name=NetQ3_B
Added Pin To Net: NetName=NetQ3_C Pin=Q3-C
Added Pin To Net: NetName=NetQ3_C Pin=SEG2-10
Added Net: Name=NetQ3_C
Added Pin To Net: NetName=NetQ4_B Pin=Q4-B
Added Pin To Net: NetName=NetQ4_B Pin=U3-16
Added Net: Name=NetQ4_B
Added Pin To Net: NetName=NetQ4_C Pin=Q4-C
Added Pin To Net: NetName=NetQ4_C Pin=SEG1-5
Added Net: Name=NetQ4_C
Added Pin To Net: NetName=NetS1_2 Pin=S1-2
Added Pin To Net: NetName=NetS1_2 Pin=USB1-1
Added Net: Name=NetS1_2
Added Pin To Net: NetName=NetS1_5 Pin=S1-5
Added Pin To Net: NetName=NetS1_5 Pin=USB1-5
Added Pin To Net: NetName=NetS1_5 Pin=USB1-5
Added Pin To Net: NetName=NetS1_5 Pin=USB1-5
Added Net: Name=NetS1_5
Added Pin To Net: NetName=NetSEG1_1 Pin=SEG1-1
Added Pin To Net: NetName=NetSEG1_1 Pin=SEG2-1
Added Pin To Net: NetName=NetSEG1_1 Pin=U3-11
Added Net: Name=NetSEG1_1
Added Pin To Net: NetName=NetSEG1_2 Pin=SEG1-2
Added Pin To Net: NetName=NetSEG1_2 Pin=SEG2-2
Added Pin To Net: NetName=NetSEG1_2 Pin=U3-12
Added Net: Name=NetSEG1_2
Added Pin To Net: NetName=NetSEG1_3 Pin=SEG1-3
Added Pin To Net: NetName=NetSEG1_3 Pin=SEG2-3
Added Pin To Net: NetName=NetSEG1_3 Pin=U3-1
Added Net: Name=NetSEG1_3
Added Pin To Net: NetName=NetSEG1_4 Pin=SEG1-4
Added Pin To Net: NetName=NetSEG1_4 Pin=SEG2-4
Added Pin To Net: NetName=NetSEG1_4 Pin=U3-6
Added Net: Name=NetSEG1_4
Added Pin To Net: NetName=NetSEG1_6 Pin=SEG1-6
Added Pin To Net: NetName=NetSEG1_6 Pin=SEG2-6
Added Pin To Net: NetName=NetSEG1_6 Pin=U3-4
Added Net: Name=NetSEG1_6
Added Pin To Net: NetName=NetSEG1_7 Pin=SEG1-7
Added Pin To Net: NetName=NetSEG1_7 Pin=SEG2-7
Added Pin To Net: NetName=NetSEG1_7 Pin=U3-5
Added Net: Name=NetSEG1_7
Added Pin To Net: NetName=NetSEG1_8 Pin=SEG1-8
Added Pin To Net: NetName=NetSEG1_8 Pin=SEG2-8
Added Pin To Net: NetName=NetSEG1_8 Pin=U3-3
Added Net: Name=NetSEG1_8
Added Pin To Net: NetName=NetSEG1_9 Pin=SEG1-9
Added Pin To Net: NetName=NetSEG1_9 Pin=SEG2-9
Added Pin To Net: NetName=NetSEG1_9 Pin=U3-2
Added Net: Name=NetSEG1_9
Added Pin To Net: NetName=NetU3_13 Pin=U3-13
Added Pin To Net: NetName=NetU3_13 Pin=X1-3
Added Net: Name=NetU3_13
Added Member To Class: ClassName=AG1280 Member=Component C1 100n
Added Member To Class: ClassName=AG1280 Member=Component C2 100n
Added Member To Class: ClassName=AG1280 Member=Component C3 100n
Added Member To Class: ClassName=AG1280 Member=Component C4 100n
Added Member To Class: ClassName=AG1280 Member=Component C5 100n
Added Member To Class: ClassName=AG1280 Member=Component C6 100n
Added Member To Class: ClassName=AG1280 Member=Component C7 100n
Added Member To Class: ClassName=AG1280 Member=Component C8 100n
Added Member To Class: ClassName=AG1280 Member=Component C9 100n
Added Member To Class: ClassName=AG1280 Member=Component C10 100n
Added Member To Class: ClassName=AG1280 Member=Component C11 100n
Added Member To Class: ClassName=AG1280 Member=Component D1 LED
Added Member To Class: ClassName=AG1280 Member=Component D2 LED
Added Member To Class: ClassName=AG1280 Member=Component D3 LED
Added Member To Class: ClassName=AG1280 Member=Component D4 LED
Added Member To Class: ClassName=AG1280 Member=Component D5 LED
Added Member To Class: ClassName=AG1280 Member=Component D6 LED
Added Member To Class: ClassName=AG1280 Member=Component D7 LED
Added Member To Class: ClassName=AG1280 Member=Component J1 IDC-10P
Added Member To Class: ClassName=AG1280 Member=Component K1 KEY
Added Member To Class: ClassName=AG1280 Member=Component K2 KEY
Added Member To Class: ClassName=AG1280 Member=Component K3 KEY
Added Member To Class: ClassName=AG1280 Member=Component K4 KEY
Added Member To Class: ClassName=AG1280 Member=Component K5 KEY
Added Member To Class: ClassName=AG1280 Member=Component K6 KEY
Added Member To Class: ClassName=AG1280 Member=Component Q1 PNP
Added Member To Class: ClassName=AG1280 Member=Component Q2 PNP
Added Member To Class: ClassName=AG1280 Member=Component Q3 PNP
Added Member To Class: ClassName=AG1280 Member=Component Q4 PNP
Added Member To Class: ClassName=AG1280 Member=Component R1 330
Added Member To Class: ClassName=AG1280 Member=Component R2 330
Added Member To Class: ClassName=AG1280 Member=Component R3 330
Added Member To Class: ClassName=AG1280 Member=Component R4 330
Added Member To Class: ClassName=AG1280 Member=Component R5 330
Added Member To Class: ClassName=AG1280 Member=Component R6 330
Added Member To Class: ClassName=AG1280 Member=Component R7 330
Added Member To Class: ClassName=AG1280 Member=Component R8 1K
Added Member To Class: ClassName=AG1280 Member=Component R9 10K
Added Member To Class: ClassName=AG1280 Member=Component R10 10K
Added Member To Class: ClassName=AG1280 Member=Component S1 KFT DIP-7X7
Added Member To Class: ClassName=AG1280 Member=Component SEG1 0.36IN-2-A
Added Member To Class: ClassName=AG1280 Member=Component SEG2 0.36IN-2-A
Added Member To Class: ClassName=AG1280 Member=Component TC1 10u
Added Member To Class: ClassName=AG1280 Member=Component TC2 10u
Added Member To Class: ClassName=AG1280 Member=Component TC3 10u
Added Member To Class: ClassName=AG1280 Member=Component TC4 10u
Added Member To Class: ClassName=AG1280 Member=Component U1 AMS1117
Added Member To Class: ClassName=AG1280 Member=Component U2 AMS1117
Added Member To Class: ClassName=AG1280 Member=Component U3 AG1280Q48
Added Member To Class: ClassName=AG1280 Member=Component USB1 Micro-USB
Added Member To Class: ClassName=AG1280 Member=Component X1 XTAL-ACT-4P
Added Room: Name=AG1280
