Removed Pin From Net: NetName=NetSEG1_3 Pin=U3-1
Removed Pin From Net: NetName=NetSEG1_9 Pin=U3-2
Removed Pin From Net: NetName=NetSEG1_8 Pin=U3-3
Removed Pin From Net: NetName=NetSEG1_6 Pin=U3-4
Removed Pin From Net: NetName=NetSEG1_7 Pin=U3-5
Removed Pin From Net: NetName=NetSEG1_4 Pin=U3-6
Removed Pin From Net: NetName=1V2 Pin=U3-7
Removed Pin From Net: NetName=GND Pin=U3-8
Removed Pin From Net: NetName=1V2 Pin=U3-10
Removed Pin From Net: NetName=NetSEG1_1 Pin=U3-11
Removed Pin From Net: NetName=NetSEG1_2 Pin=U3-12
Removed Pin From Net: NetName=NetU3_13 Pin=U3-13
Removed Pin From Net: NetName=NetQ2_B Pin=U3-14
Removed Pin From Net: NetName=NetQ3_B Pin=U3-15
Removed Pin From Net: NetName=NetQ4_B Pin=U3-16
Removed Pin From Net: NetName=NetQ1_B Pin=U3-17
Removed Pin From Net: NetName=NetD3_K Pin=U3-18
Removed Pin From Net: NetName=NetD2_K Pin=U3-19
Removed Pin From Net: NetName=NetD1_K Pin=U3-20
Removed Pin From Net: NetName=3V3 Pin=U3-21
Removed Pin From Net: NetName=NetD6_K Pin=U3-22
Removed Pin From Net: NetName=NetD5_K Pin=U3-23
Removed Pin From Net: NetName=NetD7_A Pin=U3-24
Removed Pin From Net: NetName=NetD4_K Pin=U3-25
Removed Pin From Net: NetName=3V3 Pin=U3-26
Removed Pin From Net: NetName=3V3 Pin=U3-27
Removed Pin From Net: NetName=GND Pin=U3-28
Removed Pin From Net: NetName=GND Pin=U3-29
Removed Pin From Net: NetName=GND Pin=U3-30
Removed Pin From Net: NetName=GND Pin=U3-31
Removed Pin From Net: NetName=3V3 Pin=U3-32
Removed Pin From Net: NetName=GND Pin=U3-33
Removed Pin From Net: NetName=3V3 Pin=U3-34
Removed Pin From Net: NetName=NetJ1_8 Pin=U3-35
Removed Pin From Net: NetName=NetJ1_7 Pin=U3-36
Removed Pin From Net: NetName=NetJ1_3 Pin=U3-37
Removed Pin From Net: NetName=NetJ1_5 Pin=U3-38
Removed Pin From Net: NetName=NetJ1_1 Pin=U3-39
Removed Pin From Net: NetName=NetJ1_9 Pin=U3-40
Removed Pin From Net: NetName=NetK1_1 Pin=U3-41
Removed Pin From Net: NetName=NetK4_1 Pin=U3-42
Removed Pin From Net: NetName=NetK2_1 Pin=U3-43
Removed Pin From Net: NetName=NetK5_1 Pin=U3-44
Removed Pin From Net: NetName=NetK3_1 Pin=U3-45
Removed Pin From Net: NetName=NetK6_1 Pin=U3-46
Removed Pin From Net: NetName=3V3 Pin=U3-47
Removed Pin From Net: NetName=NetK7_3 Pin=U3-48
Added Component: Designator=U3(QFN48 6X6)
Added Pin To Net: NetName=NetSEG1_3 Pin=U3-1
Added Pin To Net: NetName=NetSEG1_9 Pin=U3-2
Added Pin To Net: NetName=NetSEG1_8 Pin=U3-3
Added Pin To Net: NetName=NetSEG1_6 Pin=U3-4
Added Pin To Net: NetName=NetSEG1_7 Pin=U3-5
Added Pin To Net: NetName=NetSEG1_4 Pin=U3-6
Added Pin To Net: NetName=1V2 Pin=U3-7
Added Pin To Net: NetName=GND Pin=U3-8
Added Pin To Net: NetName=1V2 Pin=U3-10
Added Pin To Net: NetName=NetSEG1_1 Pin=U3-11
Added Pin To Net: NetName=NetSEG1_2 Pin=U3-12
Added Pin To Net: NetName=NetU3_13 Pin=U3-13
Added Pin To Net: NetName=NetQ2_B Pin=U3-14
Added Pin To Net: NetName=NetQ3_B Pin=U3-15
Added Pin To Net: NetName=NetQ4_B Pin=U3-16
Added Pin To Net: NetName=NetQ1_B Pin=U3-17
Added Pin To Net: NetName=NetD3_K Pin=U3-18
Added Pin To Net: NetName=NetD2_K Pin=U3-19
Added Pin To Net: NetName=NetD1_K Pin=U3-20
Added Pin To Net: NetName=3V3 Pin=U3-21
Added Pin To Net: NetName=NetD6_K Pin=U3-22
Added Pin To Net: NetName=NetD5_K Pin=U3-23
Added Pin To Net: NetName=NetD7_A Pin=U3-24
Added Pin To Net: NetName=NetD4_K Pin=U3-25
Added Pin To Net: NetName=3V3 Pin=U3-26
Added Pin To Net: NetName=3V3 Pin=U3-27
Added Pin To Net: NetName=GND Pin=U3-28
Added Pin To Net: NetName=GND Pin=U3-29
Added Pin To Net: NetName=GND Pin=U3-30
Added Pin To Net: NetName=GND Pin=U3-31
Added Pin To Net: NetName=3V3 Pin=U3-32
Added Pin To Net: NetName=GND Pin=U3-33
Added Pin To Net: NetName=3V3 Pin=U3-34
Added Pin To Net: NetName=NetJ1_8 Pin=U3-35
Added Pin To Net: NetName=NetJ1_7 Pin=U3-36
Added Pin To Net: NetName=NetJ1_3 Pin=U3-37
Added Pin To Net: NetName=NetJ1_5 Pin=U3-38
Added Pin To Net: NetName=NetJ1_1 Pin=U3-39
Added Pin To Net: NetName=NetJ1_9 Pin=U3-40
Added Pin To Net: NetName=NetK1_1 Pin=U3-41
Added Pin To Net: NetName=NetK4_1 Pin=U3-42
Added Pin To Net: NetName=NetK2_1 Pin=U3-43
Added Pin To Net: NetName=NetK5_1 Pin=U3-44
Added Pin To Net: NetName=NetK3_1 Pin=U3-45
Added Pin To Net: NetName=NetK6_1 Pin=U3-46
Added Pin To Net: NetName=3V3 Pin=U3-47
Added Pin To Net: NetName=NetK7_3 Pin=U3-48
