Analysis & Synthesis report for template
Tue Jun 13 10:38:52 2023
Quartus II 64-Bit Version 13.0.0 Build 156 04/24/2013 SJ Full Version


---------------------
; Table of Contents ;
---------------------
  1. Legal Notice
  2. Analysis & Synthesis Summary
  3. Analysis & Synthesis Settings
  4. Parallel Compilation
  5. Analysis & Synthesis Source Files Read
  6. Analysis & Synthesis Resource Usage Summary
  7. Analysis & Synthesis Resource Utilization by Entity
  8. State Machine - |template|state
  9. Registers Removed During Synthesis
 10. General Register Statistics
 11. Inverted Register Statistics
 12. Multiplexer Restructuring Statistics (Restructuring Performed)
 13. Parameter Settings for User Entity Instance: Top-level Entity: |template
 14. Parameter Settings for User Entity Instance: key:key_1
 15. Parameter Settings for User Entity Instance: key:key_2
 16. Parameter Settings for User Entity Instance: key:key_3
 17. Parameter Settings for User Entity Instance: key:key_4
 18. Port Connectivity Checks: "seg:seg_1|bcd_8421:bcd_8421_2"
 19. Port Connectivity Checks: "seg:seg_1|bcd_8421:bcd_8421_1|adjust_shift:adjust_shift_inst7"
 20. Port Connectivity Checks: "seg:seg_1|bcd_8421:bcd_8421_1|adjust_shift:adjust_shift_inst0"
 21. Port Connectivity Checks: "seg:seg_1|bcd_8421:bcd_8421_1"
 22. Elapsed Time Per Partition
 23. Analysis & Synthesis Messages



----------------
; Legal Notice ;
----------------
Copyright (C) 1991-2013 Altera Corporation
Your use of Altera Corporation's design tools, logic functions 
and other software and tools, and its AMPP partner logic 
functions, and any output files from any of the foregoing 
(including device programming or simulation files), and any 
associated documentation or information are expressly subject 
to the terms and conditions of the Altera Program License 
Subscription Agreement, Altera MegaCore Function License 
Agreement, or other applicable license agreement, including, 
without limitation, that your use is for the sole purpose of 
programming logic devices manufactured by Altera and sold by 
Altera or its authorized distributors.  Please refer to the 
applicable agreement for further details.



+----------------------------------------------------------------------------------+
; Analysis & Synthesis Summary                                                     ;
+------------------------------------+---------------------------------------------+
; Analysis & Synthesis Status        ; Successful - Tue Jun 13 10:38:52 2023       ;
; Quartus II 64-Bit Version          ; 13.0.0 Build 156 04/24/2013 SJ Full Version ;
; Revision Name                      ; template                                    ;
; Top-level Entity Name              ; template                                    ;
; Family                             ; Cyclone II                                  ;
; Total logic elements               ; 444                                         ;
;     Total combinational functions  ; 440                                         ;
;     Dedicated logic registers      ; 258                                         ;
; Total registers                    ; 258                                         ;
; Total pins                         ; 24                                          ;
; Total virtual pins                 ; 0                                           ;
; Total memory bits                  ; 0                                           ;
; Embedded Multiplier 9-bit elements ; 0                                           ;
; Total PLLs                         ; 0                                           ;
+------------------------------------+---------------------------------------------+


+----------------------------------------------------------------------------------------------------------------------+
; Analysis & Synthesis Settings                                                                                        ;
+----------------------------------------------------------------------------+--------------------+--------------------+
; Option                                                                     ; Setting            ; Default Value      ;
+----------------------------------------------------------------------------+--------------------+--------------------+
; Device                                                                     ; EP2C8Q208C8        ;                    ;
; Top-level entity name                                                      ; template           ; template           ;
; Family name                                                                ; Cyclone II         ; Cyclone IV GX      ;
; Use smart compilation                                                      ; Off                ; Off                ;
; Enable parallel Assembler and TimeQuest Timing Analyzer during compilation ; On                 ; On                 ;
; Enable compact report table                                                ; Off                ; Off                ;
; Restructure Multiplexers                                                   ; Auto               ; Auto               ;
; Create Debugging Nodes for IP Cores                                        ; Off                ; Off                ;
; Preserve fewer node names                                                  ; On                 ; On                 ;
; Disable OpenCore Plus hardware evaluation                                  ; Off                ; Off                ;
; Verilog Version                                                            ; Verilog_2001       ; Verilog_2001       ;
; VHDL Version                                                               ; VHDL_1993          ; VHDL_1993          ;
; State Machine Processing                                                   ; Auto               ; Auto               ;
; Safe State Machine                                                         ; Off                ; Off                ;
; Extract Verilog State Machines                                             ; On                 ; On                 ;
; Extract VHDL State Machines                                                ; On                 ; On                 ;
; Ignore Verilog initial constructs                                          ; Off                ; Off                ;
; Iteration limit for constant Verilog loops                                 ; 5000               ; 5000               ;
; Iteration limit for non-constant Verilog loops                             ; 250                ; 250                ;
; Add Pass-Through Logic to Inferred RAMs                                    ; On                 ; On                 ;
; Infer RAMs from Raw Logic                                                  ; On                 ; On                 ;
; Parallel Synthesis                                                         ; On                 ; On                 ;
; DSP Block Balancing                                                        ; Auto               ; Auto               ;
; NOT Gate Push-Back                                                         ; On                 ; On                 ;
; Power-Up Don't Care                                                        ; On                 ; On                 ;
; Remove Redundant Logic Cells                                               ; Off                ; Off                ;
; Remove Duplicate Registers                                                 ; On                 ; On                 ;
; Ignore CARRY Buffers                                                       ; Off                ; Off                ;
; Ignore CASCADE Buffers                                                     ; Off                ; Off                ;
; Ignore GLOBAL Buffers                                                      ; Off                ; Off                ;
; Ignore ROW GLOBAL Buffers                                                  ; Off                ; Off                ;
; Ignore LCELL Buffers                                                       ; Off                ; Off                ;
; Ignore SOFT Buffers                                                        ; On                 ; On                 ;
; Limit AHDL Integers to 32 Bits                                             ; Off                ; Off                ;
; Optimization Technique                                                     ; Balanced           ; Balanced           ;
; Carry Chain Length                                                         ; 70                 ; 70                 ;
; Auto Carry Chains                                                          ; On                 ; On                 ;
; Auto Open-Drain Pins                                                       ; On                 ; On                 ;
; Perform WYSIWYG Primitive Resynthesis                                      ; Off                ; Off                ;
; Auto ROM Replacement                                                       ; On                 ; On                 ;
; Auto RAM Replacement                                                       ; On                 ; On                 ;
; Auto Shift Register Replacement                                            ; Auto               ; Auto               ;
; Allow Shift Register Merging across Hierarchies                            ; Auto               ; Auto               ;
; Auto Clock Enable Replacement                                              ; On                 ; On                 ;
; Strict RAM Replacement                                                     ; Off                ; Off                ;
; Allow Synchronous Control Signals                                          ; On                 ; On                 ;
; Force Use of Synchronous Clear Signals                                     ; Off                ; Off                ;
; Auto RAM to Logic Cell Conversion                                          ; Off                ; Off                ;
; Auto Resource Sharing                                                      ; Off                ; Off                ;
; Allow Any RAM Size For Recognition                                         ; Off                ; Off                ;
; Allow Any ROM Size For Recognition                                         ; Off                ; Off                ;
; Allow Any Shift Register Size For Recognition                              ; Off                ; Off                ;
; Use LogicLock Constraints during Resource Balancing                        ; On                 ; On                 ;
; Ignore translate_off and synthesis_off directives                          ; Off                ; Off                ;
; Timing-Driven Synthesis                                                    ; Off                ; Off                ;
; Report Parameter Settings                                                  ; On                 ; On                 ;
; Report Source Assignments                                                  ; On                 ; On                 ;
; Report Connectivity Checks                                                 ; On                 ; On                 ;
; Ignore Maximum Fan-Out Assignments                                         ; Off                ; Off                ;
; Synchronization Register Chain Length                                      ; 2                  ; 2                  ;
; PowerPlay Power Optimization                                               ; Normal compilation ; Normal compilation ;
; HDL message level                                                          ; Level2             ; Level2             ;
; Suppress Register Optimization Related Messages                            ; Off                ; Off                ;
; Number of Removed Registers Reported in Synthesis Report                   ; 5000               ; 5000               ;
; Number of Swept Nodes Reported in Synthesis Report                         ; 5000               ; 5000               ;
; Number of Inverted Registers Reported in Synthesis Report                  ; 100                ; 100                ;
; Clock MUX Protection                                                       ; On                 ; On                 ;
; Auto Gated Clock Conversion                                                ; Off                ; Off                ;
; Block Design Naming                                                        ; Auto               ; Auto               ;
; SDC constraint protection                                                  ; Off                ; Off                ;
; Synthesis Effort                                                           ; Auto               ; Auto               ;
; Shift Register Replacement - Allow Asynchronous Clear Signal               ; On                 ; On                 ;
; Pre-Mapping Resynthesis Optimization                                       ; Off                ; Off                ;
; Analysis & Synthesis Message Level                                         ; Medium             ; Medium             ;
; Disable Register Merging Across Hierarchies                                ; Auto               ; Auto               ;
; Resource Aware Inference For Block RAM                                     ; On                 ; On                 ;
; Synthesis Seed                                                             ; 1                  ; 1                  ;
+----------------------------------------------------------------------------+--------------------+--------------------+


+------------------------------------------+
; Parallel Compilation                     ;
+----------------------------+-------------+
; Processors                 ; Number      ;
+----------------------------+-------------+
; Number detected on machine ; 8           ;
; Maximum allowed            ; 4           ;
;                            ;             ;
; Average used               ; 1.00        ;
; Maximum used               ; 1           ;
;                            ;             ;
; Usage by Processor         ; % Time Used ;
;     Processor 1            ; 100.0%      ;
;     Processors 2-8         ;   0.0%      ;
+----------------------------+-------------+


+----------------------------------------------------------------------------------------------------------------------------------------------+
; Analysis & Synthesis Source Files Read                                                                                                       ;
+----------------------------------+-----------------+------------------------+------------------------------------------------------+---------+
; File Name with User-Entered Path ; Used in Netlist ; File Type              ; File Name with Absolute Path                         ; Library ;
+----------------------------------+-----------------+------------------------+------------------------------------------------------+---------+
; template.v                       ; yes             ; User Verilog HDL File  ; E:/project/FPGA/TrafficLight/template.v              ;         ;
; key.v                            ; yes             ; User Verilog HDL File  ; E:/project/FPGA/TrafficLight/key.v                   ;         ;
; seg.v                            ; yes             ; User Verilog HDL File  ; E:/project/FPGA/TrafficLight/seg.v                   ;         ;
; adjust_shift.v                   ; yes             ; User Verilog HDL File  ; E:/project/FPGA/TrafficLight/adjust_shift.v          ;         ;
; output_files/bcd_8421.v          ; yes             ; User Verilog HDL File  ; E:/project/FPGA/TrafficLight/output_files/bcd_8421.v ;         ;
+----------------------------------+-----------------+------------------------+------------------------------------------------------+---------+


+-----------------------------------------------------+
; Analysis & Synthesis Resource Usage Summary         ;
+---------------------------------------------+-------+
; Resource                                    ; Usage ;
+---------------------------------------------+-------+
; Estimated Total logic elements              ; 444   ;
;                                             ;       ;
; Total combinational functions               ; 440   ;
; Logic element usage by number of LUT inputs ;       ;
;     -- 4 input functions                    ; 164   ;
;     -- 3 input functions                    ; 59    ;
;     -- <=2 input functions                  ; 217   ;
;                                             ;       ;
; Logic elements by mode                      ;       ;
;     -- normal mode                          ; 237   ;
;     -- arithmetic mode                      ; 203   ;
;                                             ;       ;
; Total registers                             ; 258   ;
;     -- Dedicated logic registers            ; 258   ;
;     -- I/O registers                        ; 0     ;
;                                             ;       ;
; I/O pins                                    ; 24    ;
; Embedded Multiplier 9-bit elements          ; 0     ;
; Maximum fan-out node                        ; clk   ;
; Maximum fan-out                             ; 258   ;
; Total fan-out                               ; 2222  ;
; Average fan-out                             ; 3.08  ;
+---------------------------------------------+-------+


+-------------------------------------------------------------------------------------------------------------------------------------------------------------------------------------------------------------------------------------------------+
; Analysis & Synthesis Resource Utilization by Entity                                                                                                                                                                                             ;
+--------------------------------------------+-------------------+--------------+-------------+--------------+---------+-----------+------+--------------+-------------------------------------------------------------------------+--------------+
; Compilation Hierarchy Node                 ; LC Combinationals ; LC Registers ; Memory Bits ; DSP Elements ; DSP 9x9 ; DSP 18x18 ; Pins ; Virtual Pins ; Full Hierarchy Name                                                     ; Library Name ;
+--------------------------------------------+-------------------+--------------+-------------+--------------+---------+-----------+------+--------------+-------------------------------------------------------------------------+--------------+
; |template                                  ; 440 (234)         ; 258 (129)    ; 0           ; 0            ; 0       ; 0         ; 24   ; 0            ; |template                                                               ;              ;
;    |key:key_1|                             ; 28 (28)           ; 21 (21)      ; 0           ; 0            ; 0       ; 0         ; 0    ; 0            ; |template|key:key_1                                                     ;              ;
;    |key:key_2|                             ; 28 (28)           ; 21 (21)      ; 0           ; 0            ; 0       ; 0         ; 0    ; 0            ; |template|key:key_2                                                     ;              ;
;    |key:key_3|                             ; 28 (28)           ; 21 (21)      ; 0           ; 0            ; 0       ; 0         ; 0    ; 0            ; |template|key:key_3                                                     ;              ;
;    |key:key_4|                             ; 28 (28)           ; 21 (21)      ; 0           ; 0            ; 0       ; 0         ; 0    ; 0            ; |template|key:key_4                                                     ;              ;
;    |seg:seg_1|                             ; 94 (72)           ; 45 (45)      ; 0           ; 0            ; 0       ; 0         ; 0    ; 0            ; |template|seg:seg_1                                                     ;              ;
;       |bcd_8421:bcd_8421_1|                ; 22 (0)            ; 0 (0)        ; 0           ; 0            ; 0       ; 0         ; 0    ; 0            ; |template|seg:seg_1|bcd_8421:bcd_8421_1                                 ;              ;
;          |adjust_shift:adjust_shift_inst3| ; 1 (1)             ; 0 (0)        ; 0           ; 0            ; 0       ; 0         ; 0    ; 0            ; |template|seg:seg_1|bcd_8421:bcd_8421_1|adjust_shift:adjust_shift_inst3 ;              ;
;          |adjust_shift:adjust_shift_inst4| ; 3 (3)             ; 0 (0)        ; 0           ; 0            ; 0       ; 0         ; 0    ; 0            ; |template|seg:seg_1|bcd_8421:bcd_8421_1|adjust_shift:adjust_shift_inst4 ;              ;
;          |adjust_shift:adjust_shift_inst5| ; 5 (5)             ; 0 (0)        ; 0           ; 0            ; 0       ; 0         ; 0    ; 0            ; |template|seg:seg_1|bcd_8421:bcd_8421_1|adjust_shift:adjust_shift_inst5 ;              ;
;          |adjust_shift:adjust_shift_inst6| ; 8 (8)             ; 0 (0)        ; 0           ; 0            ; 0       ; 0         ; 0    ; 0            ; |template|seg:seg_1|bcd_8421:bcd_8421_1|adjust_shift:adjust_shift_inst6 ;              ;
;          |adjust_shift:adjust_shift_inst7| ; 5 (5)             ; 0 (0)        ; 0           ; 0            ; 0       ; 0         ; 0    ; 0            ; |template|seg:seg_1|bcd_8421:bcd_8421_1|adjust_shift:adjust_shift_inst7 ;              ;
+--------------------------------------------+-------------------+--------------+-------------+--------------+---------+-----------+------+--------------+-------------------------------------------------------------------------+--------------+
Note: For table entries with two numbers listed, the numbers in parentheses indicate the number of resources of the given type used by the specific entity alone. The numbers listed outside of parentheses indicate the total resources of the given type used by the specific entity and all of its sub-entities in the hierarchy.


Encoding Type:  One-Hot
+------------------------------------------------------------------------------------------------------------------------------------------------------------------------------+
; State Machine - |template|state                                                                                                                                              ;
+----------------+-------------+-------------+-------------+------------+------------+------------+----------------+-------------+----------------+---------------+------------+
; Name           ; state.SET_R ; state.SET_Y ; state.SET_G ; state.EMG3 ; state.EMG2 ; state.EMG1 ; state.S_YELLOW ; state.M_RED ; state.M_YELLOW ; state.M_GREEN ; state.IDLE ;
+----------------+-------------+-------------+-------------+------------+------------+------------+----------------+-------------+----------------+---------------+------------+
; state.IDLE     ; 0           ; 0           ; 0           ; 0          ; 0          ; 0          ; 0              ; 0           ; 0              ; 0             ; 0          ;
; state.M_GREEN  ; 0           ; 0           ; 0           ; 0          ; 0          ; 0          ; 0              ; 0           ; 0              ; 1             ; 1          ;
; state.M_YELLOW ; 0           ; 0           ; 0           ; 0          ; 0          ; 0          ; 0              ; 0           ; 1              ; 0             ; 1          ;
; state.M_RED    ; 0           ; 0           ; 0           ; 0          ; 0          ; 0          ; 0              ; 1           ; 0              ; 0             ; 1          ;
; state.S_YELLOW ; 0           ; 0           ; 0           ; 0          ; 0          ; 0          ; 1              ; 0           ; 0              ; 0             ; 1          ;
; state.EMG1     ; 0           ; 0           ; 0           ; 0          ; 0          ; 1          ; 0              ; 0           ; 0              ; 0             ; 1          ;
; state.EMG2     ; 0           ; 0           ; 0           ; 0          ; 1          ; 0          ; 0              ; 0           ; 0              ; 0             ; 1          ;
; state.EMG3     ; 0           ; 0           ; 0           ; 1          ; 0          ; 0          ; 0              ; 0           ; 0              ; 0             ; 1          ;
; state.SET_G    ; 0           ; 0           ; 1           ; 0          ; 0          ; 0          ; 0              ; 0           ; 0              ; 0             ; 1          ;
; state.SET_Y    ; 0           ; 1           ; 0           ; 0          ; 0          ; 0          ; 0              ; 0           ; 0              ; 0             ; 1          ;
; state.SET_R    ; 1           ; 0           ; 0           ; 0          ; 0          ; 0          ; 0              ; 0           ; 0              ; 0             ; 1          ;
+----------------+-------------+-------------+-------------+------------+------------+------------+----------------+-------------+----------------+---------------+------------+


+---------------------------------------------------------------------------------+
; Registers Removed During Synthesis                                              ;
+----------------------------------------+----------------------------------------+
; Register name                          ; Reason for Removal                     ;
+----------------------------------------+----------------------------------------+
; seg:seg_1|seg_out[7]                   ; Stuck at VCC due to stuck port data_in ;
; dat2[7]                                ; Merged with dat1[7]                    ;
; dat2[6]                                ; Merged with dat1[6]                    ;
; dat2[5]                                ; Merged with dat1[5]                    ;
; dat2[4]                                ; Merged with dat1[4]                    ;
; dat2[3]                                ; Merged with dat1[3]                    ;
; dat2[2]                                ; Merged with dat1[2]                    ;
; dat2[1]                                ; Merged with dat1[1]                    ;
; dat2[0]                                ; Merged with dat1[0]                    ;
; state~5                                ; Lost fanout                            ;
; state~6                                ; Lost fanout                            ;
; state~7                                ; Lost fanout                            ;
; state~8                                ; Lost fanout                            ;
; seg:seg_1|cnt[0]                       ; Merged with cnt_500ms[0]               ;
; seg:seg_1|cnt[1]                       ; Merged with cnt_500ms[1]               ;
; Total Number of Removed Registers = 15 ;                                        ;
+----------------------------------------+----------------------------------------+


+------------------------------------------------------+
; General Register Statistics                          ;
+----------------------------------------------+-------+
; Statistic                                    ; Value ;
+----------------------------------------------+-------+
; Total registers                              ; 258   ;
; Number of registers using Synchronous Clear  ; 120   ;
; Number of registers using Synchronous Load   ; 5     ;
; Number of registers using Asynchronous Clear ; 178   ;
; Number of registers using Asynchronous Load  ; 0     ;
; Number of registers using Clock Enable       ; 126   ;
; Number of registers using Preset             ; 0     ;
+----------------------------------------------+-------+


+---------------------------------------------------+
; Inverted Register Statistics                      ;
+-----------------------------------------+---------+
; Inverted Register                       ; Fan out ;
+-----------------------------------------+---------+
; sec_y[0]                                ; 5       ;
; sec_g[1]                                ; 5       ;
; sec_r[3]                                ; 4       ;
; sec_g[2]                                ; 4       ;
; sec_r[2]                                ; 4       ;
; sec_y[5]                                ; 5       ;
; sec_r[5]                                ; 5       ;
; sec_g[4]                                ; 4       ;
; seg:seg_1|seg_out[0]                    ; 1       ;
; seg:seg_1|seg_out[1]                    ; 1       ;
; seg:seg_1|seg_out[2]                    ; 1       ;
; seg:seg_1|seg_out[3]                    ; 1       ;
; seg:seg_1|seg_out[4]                    ; 1       ;
; seg:seg_1|seg_out[5]                    ; 1       ;
; seg:seg_1|seg_out[6]                    ; 1       ;
; seg:seg_1|sel[1]                        ; 5       ;
; seg:seg_1|sel[2]                        ; 5       ;
; seg:seg_1|sel[3]                        ; 5       ;
; seg:seg_1|seg_num[0]                    ; 7       ;
; seg:seg_1|seg_num[1]                    ; 7       ;
; seg:seg_1|seg_num[2]                    ; 7       ;
; seg:seg_1|seg_num[3]                    ; 7       ;
; sec_max[1]                              ; 2       ;
; sec_max[2]                              ; 2       ;
; sec_max[4]                              ; 2       ;
; Total number of inverted registers = 25 ;         ;
+-----------------------------------------+---------+


+------------------------------------------------------------------------------------------------------------------------------------------------+
; Multiplexer Restructuring Statistics (Restructuring Performed)                                                                                 ;
+--------------------+-----------+---------------+----------------------+------------------------+------------+----------------------------------+
; Multiplexer Inputs ; Bus Width ; Baseline Area ; Area if Restructured ; Saving if Restructured ; Registered ; Example Multiplexer Output       ;
+--------------------+-----------+---------------+----------------------+------------------------+------------+----------------------------------+
; 3:1                ; 5 bits    ; 10 LEs        ; 0 LEs                ; 10 LEs                 ; Yes        ; |template|sec_g[3]               ;
; 3:1                ; 6 bits    ; 12 LEs        ; 0 LEs                ; 12 LEs                 ; Yes        ; |template|sec_y[3]               ;
; 3:1                ; 5 bits    ; 10 LEs        ; 0 LEs                ; 10 LEs                 ; Yes        ; |template|sec_r[0]               ;
; 3:1                ; 32 bits   ; 64 LEs        ; 32 LEs               ; 32 LEs                 ; Yes        ; |template|cnt_1s[4]              ;
; 4:1                ; 8 bits    ; 16 LEs        ; 8 LEs                ; 8 LEs                  ; Yes        ; |template|sec[0]                 ;
; 3:1                ; 20 bits   ; 40 LEs        ; 20 LEs               ; 20 LEs                 ; Yes        ; |template|key:key_4|cnt_20ms[12] ;
; 3:1                ; 20 bits   ; 40 LEs        ; 20 LEs               ; 20 LEs                 ; Yes        ; |template|key:key_3|cnt_20ms[8]  ;
; 3:1                ; 20 bits   ; 40 LEs        ; 20 LEs               ; 20 LEs                 ; Yes        ; |template|key:key_2|cnt_20ms[12] ;
; 3:1                ; 20 bits   ; 40 LEs        ; 20 LEs               ; 20 LEs                 ; Yes        ; |template|key:key_1|cnt_20ms[12] ;
; 4:1                ; 5 bits    ; 10 LEs        ; 10 LEs               ; 0 LEs                  ; Yes        ; |template|sec_max[3]             ;
; 5:1                ; 8 bits    ; 24 LEs        ; 24 LEs               ; 0 LEs                  ; Yes        ; |template|dat1[7]                ;
; 3:1                ; 3 bits    ; 6 LEs         ; 0 LEs                ; 6 LEs                  ; Yes        ; |template|sec_g[4]               ;
; 3:1                ; 2 bits    ; 4 LEs         ; 0 LEs                ; 4 LEs                  ; Yes        ; |template|sec_y[0]               ;
; 3:1                ; 3 bits    ; 6 LEs         ; 0 LEs                ; 6 LEs                  ; Yes        ; |template|sec_r[2]               ;
; 4:1                ; 3 bits    ; 6 LEs         ; 6 LEs                ; 0 LEs                  ; Yes        ; |template|sec_max[1]             ;
; 16:1               ; 3 bits    ; 30 LEs        ; 9 LEs                ; 21 LEs                 ; Yes        ; |template|seg:seg_1|seg_num[1]   ;
; 3:1                ; 2 bits    ; 4 LEs         ; 2 LEs                ; 2 LEs                  ; No         ; |template|state                  ;
; 3:1                ; 2 bits    ; 4 LEs         ; 4 LEs                ; 0 LEs                  ; No         ; |template|led                    ;
; 3:1                ; 2 bits    ; 4 LEs         ; 4 LEs                ; 0 LEs                  ; No         ; |template|led                    ;
; 16:1               ; 2 bits    ; 20 LEs        ; 14 LEs               ; 6 LEs                  ; No         ; |template|Selector15             ;
+--------------------+-----------+---------------+----------------------+------------------------+------------+----------------------------------+


+--------------------------------------------------------------------------+
; Parameter Settings for User Entity Instance: Top-level Entity: |template ;
+----------------+---------------------------------+-----------------------+
; Parameter Name ; Value                           ; Type                  ;
+----------------+---------------------------------+-----------------------+
; IDLE           ; 0001                            ; Unsigned Binary       ;
; M_GREEN        ; 0010                            ; Unsigned Binary       ;
; M_YELLOW       ; 0011                            ; Unsigned Binary       ;
; M_RED          ; 0100                            ; Unsigned Binary       ;
; S_YELLOW       ; 0101                            ; Unsigned Binary       ;
; EMG1           ; 0110                            ; Unsigned Binary       ;
; EMG2           ; 0111                            ; Unsigned Binary       ;
; EMG3           ; 1000                            ; Unsigned Binary       ;
; SET_G          ; 1001                            ; Unsigned Binary       ;
; SET_Y          ; 1010                            ; Unsigned Binary       ;
; SET_R          ; 1011                            ; Unsigned Binary       ;
; CNT_1S_MAX     ; 0000000010011000100101100111111 ; Unsigned Binary       ;
; CNT_500MS_MAX  ; 0000000001001100010010110011111 ; Unsigned Binary       ;
+----------------+---------------------------------+-----------------------+
Note: In order to hide this table in the UI and the text report file, please set the "Show Parameter Settings in Synthesis Report" option in "Analysis and Synthesis Settings -> More Settings" to "Off".


+---------------------------------------------------------+
; Parameter Settings for User Entity Instance: key:key_1  ;
+----------------+----------------------+-----------------+
; Parameter Name ; Value                ; Type            ;
+----------------+----------------------+-----------------+
; cnt_max        ; 11110100001000111111 ; Unsigned Binary ;
+----------------+----------------------+-----------------+
Note: In order to hide this table in the UI and the text report file, please set the "Show Parameter Settings in Synthesis Report" option in "Analysis and Synthesis Settings -> More Settings" to "Off".


+---------------------------------------------------------+
; Parameter Settings for User Entity Instance: key:key_2  ;
+----------------+----------------------+-----------------+
; Parameter Name ; Value                ; Type            ;
+----------------+----------------------+-----------------+
; cnt_max        ; 11110100001000111111 ; Unsigned Binary ;
+----------------+----------------------+-----------------+
Note: In order to hide this table in the UI and the text report file, please set the "Show Parameter Settings in Synthesis Report" option in "Analysis and Synthesis Settings -> More Settings" to "Off".


+---------------------------------------------------------+
; Parameter Settings for User Entity Instance: key:key_3  ;
+----------------+----------------------+-----------------+
; Parameter Name ; Value                ; Type            ;
+----------------+----------------------+-----------------+
; cnt_max        ; 11110100001000111111 ; Unsigned Binary ;
+----------------+----------------------+-----------------+
Note: In order to hide this table in the UI and the text report file, please set the "Show Parameter Settings in Synthesis Report" option in "Analysis and Synthesis Settings -> More Settings" to "Off".


+---------------------------------------------------------+
; Parameter Settings for User Entity Instance: key:key_4  ;
+----------------+----------------------+-----------------+
; Parameter Name ; Value                ; Type            ;
+----------------+----------------------+-----------------+
; cnt_max        ; 11110100001000111111 ; Unsigned Binary ;
+----------------+----------------------+-----------------+
Note: In order to hide this table in the UI and the text report file, please set the "Show Parameter Settings in Synthesis Report" option in "Analysis and Synthesis Settings -> More Settings" to "Off".


+-----------------------------------------------------------------------------------------------------------------------------------------------------+
; Port Connectivity Checks: "seg:seg_1|bcd_8421:bcd_8421_2"                                                                                           ;
+------+--------+----------+--------------------------------------------------------------------------------------------------------------------------+
; Port ; Type   ; Severity ; Details                                                                                                                  ;
+------+--------+----------+--------------------------------------------------------------------------------------------------------------------------+
; bcd  ; Output ; Warning  ; Output or bidir port (12 bits) is wider than the port expression (8 bits) it drives; bit(s) "bcd[11..8]" have no fanouts ;
+------+--------+----------+--------------------------------------------------------------------------------------------------------------------------+


+-----------------------------------------------------------------------------------------------------------------------+
; Port Connectivity Checks: "seg:seg_1|bcd_8421:bcd_8421_1|adjust_shift:adjust_shift_inst7"                             ;
+-------------+--------+----------+-------------------------------------------------------------------------------------+
; Port        ; Type   ; Severity ; Details                                                                             ;
+-------------+--------+----------+-------------------------------------------------------------------------------------+
; odata[7..0] ; Output ; Info     ; Connected to dangling logic. Logic that only feeds a dangling port will be removed. ;
+-------------+--------+----------+-------------------------------------------------------------------------------------+


+-------------------------------------------------------------------------------------------+
; Port Connectivity Checks: "seg:seg_1|bcd_8421:bcd_8421_1|adjust_shift:adjust_shift_inst0" ;
+--------------+-------+----------+---------------------------------------------------------+
; Port         ; Type  ; Severity ; Details                                                 ;
+--------------+-------+----------+---------------------------------------------------------+
; idata[19..8] ; Input ; Info     ; Stuck at GND                                            ;
+--------------+-------+----------+---------------------------------------------------------+


+-----------------------------------------------------------------------------------------------------------------------------------------------------+
; Port Connectivity Checks: "seg:seg_1|bcd_8421:bcd_8421_1"                                                                                           ;
+------+--------+----------+--------------------------------------------------------------------------------------------------------------------------+
; Port ; Type   ; Severity ; Details                                                                                                                  ;
+------+--------+----------+--------------------------------------------------------------------------------------------------------------------------+
; bcd  ; Output ; Warning  ; Output or bidir port (12 bits) is wider than the port expression (8 bits) it drives; bit(s) "bcd[11..8]" have no fanouts ;
+------+--------+----------+--------------------------------------------------------------------------------------------------------------------------+


+-------------------------------+
; Elapsed Time Per Partition    ;
+----------------+--------------+
; Partition Name ; Elapsed Time ;
+----------------+--------------+
; Top            ; 00:00:00     ;
+----------------+--------------+


+-------------------------------+
; Analysis & Synthesis Messages ;
+-------------------------------+
Info: *******************************************************************
Info: Running Quartus II 64-Bit Analysis & Synthesis
    Info: Version 13.0.0 Build 156 04/24/2013 SJ Full Version
    Info: Processing started: Tue Jun 13 10:38:50 2023
Info: Command: quartus_map --read_settings_files=on --write_settings_files=off template -c template
Info (11104): Parallel Compilation has detected 8 hyper-threaded processors. However, the extra hyper-threaded processors will not be used by default. Parallel Compilation will use 4 of the 4 physical processors detected instead.
Info (12021): Found 1 design units, including 1 entities, in source file template.v
    Info (12023): Found entity 1: template
Info (12021): Found 1 design units, including 1 entities, in source file key.v
    Info (12023): Found entity 1: key
Info (12021): Found 1 design units, including 1 entities, in source file seg.v
    Info (12023): Found entity 1: seg
Info (12021): Found 1 design units, including 1 entities, in source file adjust_shift.v
    Info (12023): Found entity 1: adjust_shift
Info (12021): Found 1 design units, including 1 entities, in source file output_files/bcd_8421.v
    Info (12023): Found entity 1: bcd_8421
Info (12127): Elaborating entity "template" for the top level hierarchy
Info (10264): Verilog HDL Case Statement information at template.v(122): all case item expressions in this case statement are onehot
Info (12128): Elaborating entity "key" for hierarchy "key:key_1"
Info (12128): Elaborating entity "seg" for hierarchy "seg:seg_1"
Warning (10230): Verilog HDL assignment warning at seg.v(40): truncated value with size 8 to match size of target (4)
Info (12128): Elaborating entity "bcd_8421" for hierarchy "seg:seg_1|bcd_8421:bcd_8421_1"
Info (12128): Elaborating entity "adjust_shift" for hierarchy "seg:seg_1|bcd_8421:bcd_8421_1|adjust_shift:adjust_shift_inst0"
Warning (12241): 2 hierarchies have connectivity warnings - see the Connectivity Checks report folder
Info (13000): Registers with preset signals will power-up high
Info (13003): DEV_CLRn pin will set, and not reset, register with preset signal due to NOT Gate Push-Back
Warning (13024): Output pins are stuck at VCC or GND
    Warning (13410): Pin "seg_out[7]" is stuck at VCC
Info (17049): 4 registers lost all their fanouts during netlist optimizations.
Info (16010): Generating hard_block partition "hard_block:auto_generated_inst"
    Info (16011): Adding 0 node(s), including 0 DDIO, 0 PLL, 0 transceiver and 0 LCELL
Info (21057): Implemented 468 device resources after synthesis - the final resource count might be different
    Info (21058): Implemented 6 input pins
    Info (21059): Implemented 18 output pins
    Info (21061): Implemented 444 logic cells
Info: Quartus II 64-Bit Analysis & Synthesis was successful. 0 errors, 4 warnings
    Info: Peak virtual memory: 4601 megabytes
    Info: Processing ended: Tue Jun 13 10:38:52 2023
    Info: Elapsed time: 00:00:02
    Info: Total CPU time (on all processors): 00:00:02


